{"time":"2026-03-29T19:44:27.085071706-03:00","level":"INFO","msg":"Starting Arandu","app":"arandu","version":"dev","commit":"unknown"}
{"time":"2026-03-29T19:44:27.085249099-03:00","level":"INFO","msg":"Initializing Control Plane (Central DB)","app":"arandu","version":"dev","commit":"unknown"}
{"time":"2026-03-29T19:44:27.085740645-03:00","level":"INFO","msg":"Applying central database migrations","app":"arandu","version":"dev","commit":"unknown"}
{"time":"2026-03-29T19:44:27.085808161-03:00","level":"INFO","msg":"Tenants directory ready","app":"arandu","version":"dev","commit":"unknown","path":"storage/tenants"}
{"time":"2026-03-29T19:44:27.085815686-03:00","level":"INFO","msg":"Using central database for data plane","app":"arandu","version":"dev","commit":"unknown"}
{"time":"2026-03-29T19:44:27.085818637-03:00","level":"INFO","msg":"Tenant pool initialized","app":"arandu","version":"dev","commit":"unknown"}
2026/03/29 19:44:27 ✅ Google OAuth configurado com sucesso
{"time":"2026-03-29T19:44:27.088916905-03:00","level":"INFO","msg":"Auth handler initialized","app":"arandu","version":"dev","commit":"unknown"}
{"time":"2026-03-29T19:44:27.088922963-03:00","level":"INFO","msg":"Auth middleware initialized","app":"arandu","version":"dev","commit":"unknown"}
{"time":"2026-03-29T19:44:27.089046309-03:00","level":"INFO","msg":"Starting server","app":"arandu","version":"dev","commit":"unknown","address":"http://localhost:8080","accessibility":"network"}
2026/03/29 19:44:30 [AuthHandler.Login] Method: GET, Path: /login
{"time":"2026-03-29T19:44:30.095113088-03:00","level":"INFO","msg":"HTTP Request","app":"arandu","version":"dev","commit":"unknown","method":"GET","path":"/login","status":200,"duration_ms":0,"ip":"127.0.0.1"}
{"time":"2026-03-29T19:44:34.66866427-03:00","level":"INFO","msg":"HTTP Request","app":"arandu","version":"dev","commit":"unknown","method":"GET","path":"/","status":302,"duration_ms":0,"ip":"[::1]"}
2026/03/29 19:44:34 [AUTH DEBUG] Path: /dashboard, Method: GET
2026/03/29 19:44:34 [AUTH DEBUG] getSession error: no session cookie: http: named cookie not present
{"time":"2026-03-29T19:44:34.67270237-03:00","level":"INFO","msg":"HTTP Request","app":"arandu","version":"dev","commit":"unknown","method":"GET","path":"/dashboard","status":302,"duration_ms":0,"ip":"[::1]"}
2026/03/29 19:44:34 [AuthHandler.Login] Method: GET, Path: /login
{"time":"2026-03-29T19:44:34.674494802-03:00","level":"INFO","msg":"HTTP Request","app":"arandu","version":"dev","commit":"unknown","method":"GET","path":"/login","status":200,"duration_ms":0,"ip":"[::1]"}
{"time":"2026-03-29T19:44:35.343265421-03:00","level":"INFO","msg":"HTTP Request","app":"arandu","version":"dev","commit":"unknown","method":"GET","path":"/favicon.ico","status":204,"duration_ms":0,"ip":"[::1]"}
2026/03/29 19:44:37 🔐 GoogleLogin: state=vTZfQdQ8LvZpynA-ULomNwQ0uC_HnjFPa_C4wb6JCmA=
{"time":"2026-03-29T19:44:37.246203988-03:00","level":"INFO","msg":"HTTP Request","app":"arandu","version":"dev","commit":"unknown","method":"GET","path":"/auth/google","status":302,"duration_ms":0,"ip":"[::1]"}
2026/03/29 19:44:42 🔙 GoogleCallback: state=vTZfQdQ8LvZpynA-ULomNwQ0uC_HnjFPa_C4wb6JCmA=, code=4/0Aci98E9YJNUsaiLp-x-b_i5zsJeedkN9WtDFHn1nBFtlMgZLVXwlg1wQ2Gy9mGC6CnzIug, error=
{"time":"2026-03-29T19:44:42.628354016-03:00","level":"INFO","msg":"HTTP Request","app":"arandu","version":"dev","commit":"unknown","method":"GET","path":"/auth/google/callback?iss=https%3A%2F%2Faccounts.google.com&code=[REDACTED]&scope=email+profile+https%3A%2F%2Fwww.googleapis.com%2Fauth%2Fuserinfo.profile+openid+https%3A%2F%2Fwww.googleapis.com%2Fauth%2Fuserinfo.email&authuser=0&prompt=none&state=vTZfQdQ8LvZpynA-ULomNwQ0uC_HnjFPa_C4wb6JCmA%3D","status":302,"duration_ms":484,"ip":"[::1]"}
2026/03/29 19:44:42 [AUTH DEBUG] Path: /dashboard, Method: GET
2026/03/29 19:44:42 [AUTH DEBUG] Session valid for tenant: 6eccecd4-c0b6-488a-990d-afe99887cfc7
{"time":"2026-03-29T19:44:42.631928253-03:00","level":"INFO","msg":"HTTP Request","app":"arandu","version":"dev","commit":"unknown","method":"GET","path":"/dashboard","status":200,"duration_ms":1,"ip":"[::1]"}
{"time":"2026-03-29T19:44:43.100270323-03:00","level":"INFO","msg":"HTTP Request","app":"arandu","version":"dev","commit":"unknown","method":"GET","path":"/favicon.ico","status":204,"duration_ms":0,"ip":"[::1]"}
2026/03/29 19:44:45 [AUTH DEBUG] Path: /patients/81b877da-b55c-4af9-8b45-5e6254a4e81a, Method: GET
2026/03/29 19:44:45 [AUTH DEBUG] Session valid for tenant: 6eccecd4-c0b6-488a-990d-afe99887cfc7
{"time":"2026-03-29T19:44:45.164500719-03:00","level":"INFO","msg":"Route /patients/ called","app":"arandu","version":"dev","commit":"unknown","tenant_id":"6eccecd4-c0b6-488a-990d-afe99887cfc7","request_id":"46dcc143f6a37be005f43747958ceb1f","user_id":"56f4e85a-8657-4a5b-8307-bcfe9b2a463d","path":"/patients/81b877da-b55c-4af9-8b45-5e6254a4e81a","method":"GET"}
{"time":"2026-03-29T19:44:45.164539029-03:00","level":"INFO","msg":"Routing to patientHandler.Show","app":"arandu","version":"dev","commit":"unknown","tenant_id":"6eccecd4-c0b6-488a-990d-afe99887cfc7","request_id":"46dcc143f6a37be005f43747958ceb1f","user_id":"56f4e85a-8657-4a5b-8307-bcfe9b2a463d"}
2026/03/29 19:44:45 PatientHandler.Show called for path: /patients/81b877da-b55c-4af9-8b45-5e6254a4e81a
2026/03/29 19:44:45 DEBUG: Getting biopsychosocial context for patient 81b877da-b55c-4af9-8b45-5e6254a4e81a
2026/03/29 19:44:45 DEBUG: GetMedications returned - err: <nil>, meds count: 0
2026/03/29 19:44:45 DEBUG: Processing 0 medications
2026/03/29 19:44:45 DEBUG: Total medication items: 0
2026/03/29 19:44:45 DEBUG: GetLatestVitals returned - err: <nil>, vitals: <nil>
2026/03/29 19:44:45 DEBUG: Latest vitals type: *patient.Vitals
2026/03/29 19:44:45 DEBUG: Latest vitals is nil pointer
2026/03/29 19:44:45 DEBUG: GetAverageVitals returned - err: <nil>, avgVitals: &{AverageSleepHours:<nil> AverageAppetiteLevel:<nil> AverageWeight:<nil> AveragePhysicalActivity:<nil> Count:0}
2026/03/29 19:44:45 DEBUG: Average vitals type: *patient.VitalsAverage
2026/03/29 19:44:45 DEBUG: Created average vitals item from struct: &{AvgSleepHours: AvgAppetiteLevel: AvgWeight: AvgPhysicalActivity: RecordCount:0 HasData:false}
2026/03/29 19:44:45 DEBUG: Created bioContext - Medications: 0, LatestVitals: false, VitalsAverage: true
{"time":"2026-03-29T19:44:45.166977797-03:00","level":"INFO","msg":"HTTP Request","app":"arandu","version":"dev","commit":"unknown","method":"GET","path":"/patients/81b877da-b55c-4af9-8b45-5e6254a4e81a","status":200,"duration_ms":3,"ip":"[::1]"}
2026/03/29 19:44:45 ✅ Audit log persisted: action=ACCESS_PATIENT, resource=81b877da-b55c-4af9-8b45-5e6254a4e81a, tenant=6eccecd4-c0b6-488a-990d-afe99887cfc7
{"time":"2026-03-29T19:44:45.263453184-03:00","level":"INFO","msg":"HTTP Request","app":"arandu","version":"dev","commit":"unknown","method":"GET","path":"/favicon.ico","status":204,"duration_ms":0,"ip":"[::1]"}
2026/03/29 19:44:46 [AUTH DEBUG] Path: /patients/81b877da-b55c-4af9-8b45-5e6254a4e81a/anamnesis, Method: GET
2026/03/29 19:44:46 [AUTH DEBUG] Session valid for tenant: 6eccecd4-c0b6-488a-990d-afe99887cfc7
{"time":"2026-03-29T19:44:46.821777093-03:00","level":"INFO","msg":"Route /patients/ called","app":"arandu","version":"dev","commit":"unknown","tenant_id":"6eccecd4-c0b6-488a-990d-afe99887cfc7","request_id":"95dbd4a88146ab9b8e8b582dca214f8e","user_id":"56f4e85a-8657-4a5b-8307-bcfe9b2a463d","path":"/patients/81b877da-b55c-4af9-8b45-5e6254a4e81a/anamnesis","method":"GET"}
{"time":"2026-03-29T19:44:46.822310932-03:00","level":"INFO","msg":"HTTP Request","app":"arandu","version":"dev","commit":"unknown","method":"GET","path":"/patients/81b877da-b55c-4af9-8b45-5e6254a4e81a/anamnesis","status":200,"duration_ms":1,"ip":"[::1]"}
2026/03/29 19:44:46 ✅ Audit log persisted: action=ACCESS_PATIENT, resource=81b877da-b55c-4af9-8b45-5e6254a4e81a, tenant=6eccecd4-c0b6-488a-990d-afe99887cfc7
{"time":"2026-03-29T19:44:46.944402782-03:00","level":"INFO","msg":"HTTP Request","app":"arandu","version":"dev","commit":"unknown","method":"GET","path":"/favicon.ico","status":204,"duration_ms":0,"ip":"[::1]"}
2026/03/29 19:44:49 [AUTH DEBUG] Path: /patients/81b877da-b55c-4af9-8b45-5e6254a4e81a, Method: GET
2026/03/29 19:44:49 [AUTH DEBUG] Session valid for tenant: 6eccecd4-c0b6-488a-990d-afe99887cfc7
{"time":"2026-03-29T19:44:49.134950641-03:00","level":"INFO","msg":"Route /patients/ called","app":"arandu","version":"dev","commit":"unknown","tenant_id":"6eccecd4-c0b6-488a-990d-afe99887cfc7","request_id":"1857a0c4a60cb1072f02f37261b5a764","user_id":"56f4e85a-8657-4a5b-8307-bcfe9b2a463d","path":"/patients/81b877da-b55c-4af9-8b45-5e6254a4e81a","method":"GET"}
{"time":"2026-03-29T19:44:49.134982703-03:00","level":"INFO","msg":"Routing to patientHandler.Show","app":"arandu","version":"dev","commit":"unknown","tenant_id":"6eccecd4-c0b6-488a-990d-afe99887cfc7","request_id":"1857a0c4a60cb1072f02f37261b5a764","user_id":"56f4e85a-8657-4a5b-8307-bcfe9b2a463d"}
2026/03/29 19:44:49 PatientHandler.Show called for path: /patients/81b877da-b55c-4af9-8b45-5e6254a4e81a
2026/03/29 19:44:49 DEBUG: Getting biopsychosocial context for patient 81b877da-b55c-4af9-8b45-5e6254a4e81a
2026/03/29 19:44:49 DEBUG: GetMedications returned - err: <nil>, meds count: 0
2026/03/29 19:44:49 DEBUG: Processing 0 medications
2026/03/29 19:44:49 DEBUG: Total medication items: 0
2026/03/29 19:44:49 DEBUG: GetLatestVitals returned - err: <nil>, vitals: <nil>
2026/03/29 19:44:49 DEBUG: Latest vitals type: *patient.Vitals
2026/03/29 19:44:49 DEBUG: Latest vitals is nil pointer
2026/03/29 19:44:49 DEBUG: GetAverageVitals returned - err: <nil>, avgVitals: &{AverageSleepHours:<nil> AverageAppetiteLevel:<nil> AverageWeight:<nil> AveragePhysicalActivity:<nil> Count:0}
2026/03/29 19:44:49 DEBUG: Average vitals type: *patient.VitalsAverage
2026/03/29 19:44:49 DEBUG: Created average vitals item from struct: &{AvgSleepHours: AvgAppetiteLevel: AvgWeight: AvgPhysicalActivity: RecordCount:0 HasData:false}
2026/03/29 19:44:49 DEBUG: Created bioContext - Medications: 0, LatestVitals: false, VitalsAverage: true
{"time":"2026-03-29T19:44:49.137270187-03:00","level":"INFO","msg":"HTTP Request","app":"arandu","version":"dev","commit":"unknown","method":"GET","path":"/patients/81b877da-b55c-4af9-8b45-5e6254a4e81a","status":200,"duration_ms":2,"ip":"[::1]"}
2026/03/29 19:44:49 ✅ Audit log persisted: action=ACCESS_PATIENT, resource=81b877da-b55c-4af9-8b45-5e6254a4e81a, tenant=6eccecd4-c0b6-488a-990d-afe99887cfc7
{"time":"2026-03-29T19:44:49.227248311-03:00","level":"INFO","msg":"HTTP Request","app":"arandu","version":"dev","commit":"unknown","method":"GET","path":"/favicon.ico","status":204,"duration_ms":0,"ip":"[::1]"}
2026/03/29 19:44:52 [AUTH DEBUG] Path: /dashboard, Method: GET
2026/03/29 19:44:52 [AUTH DEBUG] Session valid for tenant: 6eccecd4-c0b6-488a-990d-afe99887cfc7
{"time":"2026-03-29T19:44:52.617245817-03:00","level":"INFO","msg":"HTTP Request","app":"arandu","version":"dev","commit":"unknown","method":"GET","path":"/dashboard","status":200,"duration_ms":1,"ip":"[::1]"}
{"time":"2026-03-29T19:44:52.720529412-03:00","level":"INFO","msg":"HTTP Request","app":"arandu","version":"dev","commit":"unknown","method":"GET","path":"/favicon.ico","status":204,"duration_ms":0,"ip":"[::1]"}
2026/03/29 19:44:56 [AUTH DEBUG] Path: /patients/b6f0a3e5-c847-49f7-a67c-4b3e2cd2c5bc, Method: GET
2026/03/29 19:44:56 [AUTH DEBUG] Session valid for tenant: 6eccecd4-c0b6-488a-990d-afe99887cfc7
{"time":"2026-03-29T19:44:56.002572695-03:00","level":"INFO","msg":"Route /patients/ called","app":"arandu","version":"dev","commit":"unknown","tenant_id":"6eccecd4-c0b6-488a-990d-afe99887cfc7","request_id":"fe408e2ea451b3bfd49d4102a401cff8","user_id":"56f4e85a-8657-4a5b-8307-bcfe9b2a463d","path":"/patients/b6f0a3e5-c847-49f7-a67c-4b3e2cd2c5bc","method":"GET"}
{"time":"2026-03-29T19:44:56.002623742-03:00","level":"INFO","msg":"Routing to patientHandler.Show","app":"arandu","version":"dev","commit":"unknown","tenant_id":"6eccecd4-c0b6-488a-990d-afe99887cfc7","request_id":"fe408e2ea451b3bfd49d4102a401cff8","user_id":"56f4e85a-8657-4a5b-8307-bcfe9b2a463d"}
2026/03/29 19:44:56 PatientHandler.Show called for path: /patients/b6f0a3e5-c847-49f7-a67c-4b3e2cd2c5bc
2026/03/29 19:44:56 DEBUG: Getting biopsychosocial context for patient b6f0a3e5-c847-49f7-a67c-4b3e2cd2c5bc
2026/03/29 19:44:56 DEBUG: GetMedications returned - err: <nil>, meds count: 0
2026/03/29 19:44:56 DEBUG: Processing 0 medications
2026/03/29 19:44:56 DEBUG: Total medication items: 0
2026/03/29 19:44:56 DEBUG: GetLatestVitals returned - err: <nil>, vitals: <nil>
2026/03/29 19:44:56 DEBUG: Latest vitals type: *patient.Vitals
2026/03/29 19:44:56 DEBUG: Latest vitals is nil pointer
2026/03/29 19:44:56 DEBUG: GetAverageVitals returned - err: <nil>, avgVitals: &{AverageSleepHours:<nil> AverageAppetiteLevel:<nil> AverageWeight:<nil> AveragePhysicalActivity:<nil> Count:0}
2026/03/29 19:44:56 DEBUG: Average vitals type: *patient.VitalsAverage
2026/03/29 19:44:56 DEBUG: Created average vitals item from struct: &{AvgSleepHours: AvgAppetiteLevel: AvgWeight: AvgPhysicalActivity: RecordCount:0 HasData:false}
2026/03/29 19:44:56 DEBUG: Created bioContext - Medications: 0, LatestVitals: false, VitalsAverage: true
{"time":"2026-03-29T19:44:56.004456289-03:00","level":"INFO","msg":"HTTP Request","app":"arandu","version":"dev","commit":"unknown","method":"GET","path":"/patients/b6f0a3e5-c847-49f7-a67c-4b3e2cd2c5bc","status":200,"duration_ms":2,"ip":"[::1]"}
2026/03/29 19:44:56 ✅ Audit log persisted: action=ACCESS_PATIENT, resource=b6f0a3e5-c847-49f7-a67c-4b3e2cd2c5bc, tenant=6eccecd4-c0b6-488a-990d-afe99887cfc7
{"time":"2026-03-29T19:44:56.147186791-03:00","level":"INFO","msg":"HTTP Request","app":"arandu","version":"dev","commit":"unknown","method":"GET","path":"/favicon.ico","status":204,"duration_ms":0,"ip":"[::1]"}
2026/03/29 19:44:59 [AUTH DEBUG] Path: /patients/{p.ID}/history, Method: GET
2026/03/29 19:44:59 [AUTH DEBUG] Session valid for tenant: 6eccecd4-c0b6-488a-990d-afe99887cfc7
{"time":"2026-03-29T19:44:59.633347045-03:00","level":"INFO","msg":"Route /patients/ called","app":"arandu","version":"dev","commit":"unknown","tenant_id":"6eccecd4-c0b6-488a-990d-afe99887cfc7","request_id":"cfdcb08b1f07094c7ff7b99e0d8e5bf2","user_id":"56f4e85a-8657-4a5b-8307-bcfe9b2a463d","path":"/patients/{p.ID}/history","method":"GET"}
{"time":"2026-03-29T19:44:59.634263984-03:00","level":"INFO","msg":"HTTP Request","app":"arandu","version":"dev","commit":"unknown","method":"GET","path":"/patients/{p.ID}/history","status":200,"duration_ms":1,"ip":"[::1]"}
{"time":"2026-03-29T19:44:59.729859044-03:00","level":"INFO","msg":"HTTP Request","app":"arandu","version":"dev","commit":"unknown","method":"GET","path":"/favicon.ico","status":204,"duration_ms":0,"ip":"[::1]"}
2026/03/29 19:45:01 [AUTH DEBUG] Path: /patients/new, Method: GET
2026/03/29 19:45:01 [AUTH DEBUG] Session valid for tenant: 6eccecd4-c0b6-488a-990d-afe99887cfc7
{"time":"2026-03-29T19:45:01.919990224-03:00","level":"INFO","msg":"HTTP Request","app":"arandu","version":"dev","commit":"unknown","method":"GET","path":"/patients/new","status":200,"duration_ms":0,"ip":"[::1]"}
{"time":"2026-03-29T19:45:02.015346819-03:00","level":"INFO","msg":"HTTP Request","app":"arandu","version":"dev","commit":"unknown","method":"GET","path":"/favicon.ico","status":204,"duration_ms":0,"ip":"[::1]"}
