🚀 Starting E2E Audit - Route Coverage: all
===============================================
[0;32m[INFO][0m Checking for existing server on port 8080...
[1;33m[WARN][0m Found existing server (PIDs: 117569), killing them...
[0;32m[INFO][0m Port 8080 is free
[0;32m[INFO][0m Setting up test environment...
[0;32m[INFO][0m Environment ready
[0;32m[INFO][0m Starting Arandu server...
[0;32m[INFO][0m Waiting for server to be ready...
[0;32m[INFO][0m Server is ready
[0;32m[INFO][0m ==========================================
[0;32m[INFO][0m Creating test user and session
[0;32m[INFO][0m ==========================================
[0;32m[INFO][0m Creating/verifying test user via signup...
[0;32m[INFO][0m ℹ️ Test user already exists: arandu_e2e@test.com
[0;32m[INFO][0m Logging in to get valid session...
[0;32m[INFO][0m Login response code: 405
[0;32m[INFO][0m ✅ Cookies file created:
# Netscape HTTP Cookie File
# https://curl.se/docs/http-cookies.html
# This file was generated by libcurl! Edit at your own risk.

#HttpOnly_localhost	FALSE	/	FALSE	1775082101	arandu_session	ab83f6e8-7652-4bfc-bf16-80b4fdf7c302
[0;32m[INFO][0m ✅ Session cookie extracted: ab83f6e8-7652-4bfc-b...
[0;32m[INFO][0m ✅ Session ready

==========================================
  TESTING PUBLIC ROUTES (no auth)
==========================================

[0;34m[ROUTE][0m Testing: GET /test
[0;32m[INFO][0m   ✓ HTTP 200 OK
[0;32m[INFO][0m health_check - No ghosting
[0;34m[ROUTE][0m Testing: GET /login
[0;32m[INFO][0m   ✓ HTTP 200 OK
[0;32m[INFO][0m [login_page] - No ghosting
[0;32m[INFO][0m [login_page] - No inline styles
[0;32m[INFO][0m [login_page] - External CSS loaded
[0;32m[INFO][0m [login_page] - Skipping layout check (public route)
[0;32m[INFO][0m [login_page] - Spacing/design classes present
[0;32m[INFO][0m [login_page] - Design system validated
[0;34m[ROUTE][0m Testing: GET /auth/login
[0;32m[INFO][0m   ✓ HTTP 200 OK
[0;32m[INFO][0m auth_login - No ghosting

[0;32m[INFO][0m Public routes completed: 3/3 passed

==========================================
  TESTING DASHBOARD
==========================================

[0;34m[ROUTE][0m Testing: GET /
[1;33m[WARN][0m   ⚠ HTTP 302 (redirect)
[0;34m[ROUTE][0m Testing: GET /dashboard
[0;32m[INFO][0m   ✓ HTTP 200 OK
[0;32m[INFO][0m [dashboard] - No ghosting
[0;32m[INFO][0m [dashboard] - No inline styles
[0;32m[INFO][0m [dashboard] - External CSS loaded
[0;32m[INFO][0m [dashboard] - Layout structure classes present
[0;32m[INFO][0m [dashboard] - Spacing/design classes present
[0;32m[INFO][0m [dashboard] - Design system validated
[0;32m[INFO][0m [dashboard] - Fixed header spacing validated
[0;32m[INFO][0m [dashboard] - CSS conflicts check completed
[0;34m[ROUTE][0m Testing: GET /logout
[1;33m[WARN][0m   ⚠ HTTP 302 (redirect)

[0;32m[INFO][0m Dashboard routes completed: 3/3 passed

==========================================
  TESTING PATIENT ROUTES
==========================================

[0;32m[INFO][0m Creating patient in in-memory database...
[0;32m[INFO][0m ✅ Created patient: a9087afb-90f4-4758-9008-3701985b7e9a
[0;34m[ROUTE][0m Testing: GET /patients
[1;33m[WARN][0m   ⚠ HTTP 302 (redirect)
[0;34m[ROUTE][0m Testing: GET /patients/new
[1;33m[WARN][0m   ⚠ HTTP 302 (redirect)
[0;34m[ROUTE][0m Testing: GET /patients/search
[1;33m[WARN][0m   ⚠ HTTP 302 (redirect)
[0;34m[ROUTE][0m Testing: GET /patients/a9087afb-90f4-4758-9008-3701985b7e9a
[1;33m[WARN][0m   ⚠ HTTP 302 (redirect)
[0;34m[ROUTE][0m Testing: GET /patients/a9087afb-90f4-4758-9008-3701985b7e9a/anamnesis
[1;33m[WARN][0m   ⚠ HTTP 302 (redirect)
[0;34m[ROUTE][0m Testing: GET /patients/a9087afb-90f4-4758-9008-3701985b7e9a/context
[0;32m[INFO][0m   ✓ HTTP 200 OK
[0;32m[INFO][0m patients_context - No ghosting
[0;34m[ROUTE][0m Testing: GET /patients/a9087afb-90f4-4758-9008-3701985b7e9a/history
[0;32m[INFO][0m   ✓ HTTP 200 OK
[0;32m[INFO][0m [patients_history] - No ghosting
[0;32m[INFO][0m [patients_history] - No inline styles
[0;32m[INFO][0m [patients_history] - External CSS loaded
[0;32m[INFO][0m [patients_history] - Layout structure classes present
[0;32m[INFO][0m [patients_history] - Spacing/design classes present
[0;32m[INFO][0m [patients_history] - Design system validated
[0;32m[INFO][0m [patients_history] - Fixed header spacing validated
[0;32m[INFO][0m [patients_history] - CSS conflicts check completed
[0;34m[ROUTE][0m Testing: GET /patients/a9087afb-90f4-4758-9008-3701985b7e9a/sessions
[0;32m[INFO][0m   ✓ HTTP 200 OK
[0;32m[INFO][0m   ✓ HTMX fragment (skip layout validation)
[0;32m[INFO][0m [patients_sessions] - No ghosting
[0;34m[ROUTE][0m Testing: PATCH /patients/a9087afb-90f4-4758-9008-3701985b7e9a/anamnesis/chief_complaint
[0;32m[INFO][0m   ✓ HTTP 200 OK
[0;32m[INFO][0m patients_anamnesis_update - No ghosting
[0;34m[ROUTE][0m Testing: POST /patients/a9087afb-90f4-4758-9008-3701985b7e9a/medications
[0;32m[INFO][0m   ✓ HTTP 200 OK
[0;32m[INFO][0m patients_medications_add - No ghosting
[0;34m[ROUTE][0m Testing: POST /patients/a9087afb-90f4-4758-9008-3701985b7e9a/vitals
[0;32m[INFO][0m   ✓ HTTP 200 OK
[0;32m[INFO][0m patients_vitals_add - No ghosting
[0;34m[ROUTE][0m Testing: POST /patients/a9087afb-90f4-4758-9008-3701985b7e9a/goals
[0;32m[INFO][0m   ✓ HTTP 200 OK
[0;32m[INFO][0m patients_goals_create - No ghosting

[0;32m[INFO][0m Patient routes completed: 14/14 passed

==========================================
  TESTING SESSION ROUTES
==========================================

[0;32m[INFO][0m Creating test session...
[0;32m[INFO][0m Created session ID: 9b75285b-f0c9-452f-8750-a378e590ecaa
[0;34m[ROUTE][0m Testing: GET /session/9b75285b-f0c9-452f-8750-a378e590ecaa
[0;32m[INFO][0m   ✓ HTTP 200 OK
[0;32m[INFO][0m [session_show] - No ghosting
[0;32m[INFO][0m [session_show] - No inline styles
[0;32m[INFO][0m [session_show] - External CSS loaded
[0;32m[INFO][0m [session_show] - Layout structure classes present
[0;32m[INFO][0m [session_show] - Spacing/design classes present
[0;32m[INFO][0m [session_show] - Design system validated
[0;32m[INFO][0m [session_show] - Fixed header spacing validated
[0;32m[INFO][0m [session_show] - CSS conflicts check completed
[0;34m[ROUTE][0m Testing: GET /session/9b75285b-f0c9-452f-8750-a378e590ecaa/edit
[0;32m[INFO][0m   ✓ HTTP 200 OK
[0;32m[INFO][0m [session_edit] - No ghosting
[0;32m[INFO][0m [session_edit] - No inline styles
[0;32m[INFO][0m [session_edit] - External CSS loaded
[0;32m[INFO][0m [session_edit] - Layout structure classes present
[0;32m[INFO][0m [session_edit] - Spacing/design classes present
[0;32m[INFO][0m [session_edit] - Design system validated
[0;32m[INFO][0m [session_edit] - Fixed header spacing validated
[0;32m[INFO][0m [session_edit] - CSS conflicts check completed
[0;34m[ROUTE][0m Testing: POST /session/9b75285b-f0c9-452f-8750-a378e590ecaa/update
[1;33m[WARN][0m   ⚠ HTTP 303 (redirect)
[0;34m[ROUTE][0m Testing: POST /session/9b75285b-f0c9-452f-8750-a378e590ecaa/observations
[0;32m[INFO][0m   ✓ HTTP 200 OK
[0;32m[INFO][0m session_observations - No ghosting
[0;34m[ROUTE][0m Testing: POST /session/9b75285b-f0c9-452f-8750-a378e590ecaa/interventions
[0;32m[INFO][0m   ✓ HTTP 200 OK
[0;32m[INFO][0m session_interventions - No ghosting
[0;34m[ROUTE][0m Testing: POST /session
[0;32m[INFO][0m   ✓ HTTP 200 OK
[0;32m[INFO][0m session_create_new - No ghosting

[0;32m[INFO][0m Session routes completed: 7/7 passed

==========================================
  TESTING OBSERVATION ROUTES
==========================================

[0;32m[INFO][0m Creating observation via session: 9b75285b-f0c9-452f-8750-a378e590ecaa
[0;31m[ERROR][0m Failed to create observation

==========================================
  TESTING INTERVENTION ROUTES
==========================================

[0;32m[INFO][0m Creating intervention via session: 9b75285b-f0c9-452f-8750-a378e590ecaa
[0;31m[ERROR][0m Failed to create intervention

==========================================
  TESTING SCREENSHOT ROUTE (no auth)
==========================================

[0;34m[ROUTE][0m Testing: GET /screenshot/dashboard
[1;33m[WARN][0m   ⚠ HTTP 302 (redirect)

[0;32m[INFO][0m Screenshot route completed: 1/1 passed
[0;36m[RESPONSIVE][0m ==========================================
[0;36m[RESPONSIVE][0m   TESTING RESPONSIVE LAYOUTS
[0;36m[RESPONSIVE][0m ==========================================
[0;36m[RESPONSIVE][0m 
[0;35m[VIEWPORT][0m ==========================================
[0;35m[VIEWPORT][0m Testing: dashboard @ mobile (375x667)
[0;35m[VIEWPORT][0m ==========================================
[0;36m[RESPONSIVE][0m dashboard - Checking responsive classes for mobile
[0;32m[INFO][0m dashboard - Mobile media queries present
[0;36m[RESPONSIVE][0m dashboard - Checking mobile-specific elements
[1;33m[WARN][0m dashboard - No bottom navigation found (may be OK for some pages)
[0;32m[INFO][0m dashboard - Mobile menu trigger present
[0;36m[RESPONSIVE][0m dashboard - Checking sidebar drawer behavior
[0;32m[INFO][0m dashboard - Sidebar drawer classes present
[0;32m[INFO][0m dashboard - Alpine.js sidebar controls present
[0;35m[VIEWPORT][0m 📸 Capturing authenticated screenshot: mobile (375x667)
node:internal/modules/cjs/loader:1386
  throw err;
  ^

Error: Cannot find module 'playwright'
Require stack:
- /tmp/tmp.4tjbDpfNQi
    at Function._resolveFilename (node:internal/modules/cjs/loader:1383:15)
    at defaultResolveImpl (node:internal/modules/cjs/loader:1025:19)
    at resolveForCJSWithHooks (node:internal/modules/cjs/loader:1030:22)
    at Function._load (node:internal/modules/cjs/loader:1192:37)
    at TracingChannel.traceSync (node:diagnostics_channel:328:14)
    at wrapModuleLoad (node:internal/modules/cjs/loader:237:24)
    at Module.require (node:internal/modules/cjs/loader:1463:12)
    at require (node:internal/modules/helpers:147:16)
    at Object.<anonymous> (/tmp/tmp.4tjbDpfNQi:1:22)
    at Module._compile (node:internal/modules/cjs/loader:1706:14) {
  code: 'MODULE_NOT_FOUND',
  requireStack: [ '/tmp/tmp.4tjbDpfNQi' ]
}

Node.js v22.22.0
[1;33m[WARN][0m ⚠️ Screenshot capture failed for /dashboard
[0;32m[INFO][0m dashboard @ mobile - All validations passed
[0;35m[VIEWPORT][0m ==========================================
[0;35m[VIEWPORT][0m Testing: dashboard @ tablet (768x1024)
[0;35m[VIEWPORT][0m ==========================================
[0;36m[RESPONSIVE][0m dashboard - Checking responsive classes for tablet
[0;32m[INFO][0m dashboard - Tablet media queries present
[0;36m[RESPONSIVE][0m dashboard - Checking sidebar drawer behavior
[0;32m[INFO][0m dashboard - Sidebar drawer classes present
[0;32m[INFO][0m dashboard - Alpine.js sidebar controls present
[0;35m[VIEWPORT][0m 📸 Capturing authenticated screenshot: tablet (768x1024)
node:internal/modules/cjs/loader:1386
  throw err;
  ^

Error: Cannot find module 'playwright'
Require stack:
- /tmp/tmp.Sc3xQqrptn
    at Function._resolveFilename (node:internal/modules/cjs/loader:1383:15)
    at defaultResolveImpl (node:internal/modules/cjs/loader:1025:19)
    at resolveForCJSWithHooks (node:internal/modules/cjs/loader:1030:22)
    at Function._load (node:internal/modules/cjs/loader:1192:37)
    at TracingChannel.traceSync (node:diagnostics_channel:328:14)
    at wrapModuleLoad (node:internal/modules/cjs/loader:237:24)
    at Module.require (node:internal/modules/cjs/loader:1463:12)
    at require (node:internal/modules/helpers:147:16)
    at Object.<anonymous> (/tmp/tmp.Sc3xQqrptn:1:22)
    at Module._compile (node:internal/modules/cjs/loader:1706:14) {
  code: 'MODULE_NOT_FOUND',
  requireStack: [ '/tmp/tmp.Sc3xQqrptn' ]
}

Node.js v22.22.0
[1;33m[WARN][0m ⚠️ Screenshot capture failed for /dashboard
[0;32m[INFO][0m dashboard @ tablet - All validations passed
[0;35m[VIEWPORT][0m ==========================================
[0;35m[VIEWPORT][0m Testing: dashboard @ desktop (1440x900)
[0;35m[VIEWPORT][0m ==========================================
[0;36m[RESPONSIVE][0m dashboard - Checking responsive classes for desktop
[0;32m[INFO][0m dashboard - Desktop media queries present
[0;31m[ERROR][0m dashboard - SLP sidebar missing expected links
[0;35m[VIEWPORT][0m 📸 Capturing authenticated screenshot: desktop (1440x900)
node:internal/modules/cjs/loader:1386
  throw err;
  ^

Error: Cannot find module 'playwright'
Require stack:
- /tmp/tmp.Sz97W4ckZA
    at Function._resolveFilename (node:internal/modules/cjs/loader:1383:15)
    at defaultResolveImpl (node:internal/modules/cjs/loader:1025:19)
    at resolveForCJSWithHooks (node:internal/modules/cjs/loader:1030:22)
    at Function._load (node:internal/modules/cjs/loader:1192:37)
    at TracingChannel.traceSync (node:diagnostics_channel:328:14)
    at wrapModuleLoad (node:internal/modules/cjs/loader:237:24)
    at Module.require (node:internal/modules/cjs/loader:1463:12)
    at require (node:internal/modules/helpers:147:16)
    at Object.<anonymous> (/tmp/tmp.Sz97W4ckZA:1:22)
    at Module._compile (node:internal/modules/cjs/loader:1706:14) {
  code: 'MODULE_NOT_FOUND',
  requireStack: [ '/tmp/tmp.Sz97W4ckZA' ]
}

Node.js v22.22.0
[1;33m[WARN][0m ⚠️ Screenshot capture failed for /dashboard
[0;31m[ERROR][0m dashboard @ desktop - 1 validation error(s)
[0;35m[VIEWPORT][0m ==========================================
[0;35m[VIEWPORT][0m Testing: patients_list @ mobile (375x667)
[0;35m[VIEWPORT][0m ==========================================
[0;36m[RESPONSIVE][0m patients_list - Checking responsive classes for mobile
[0;32m[INFO][0m patients_list - Mobile media queries present
[0;36m[RESPONSIVE][0m patients_list - Checking mobile-specific elements
[1;33m[WARN][0m patients_list - No bottom navigation found (may be OK for some pages)
[0;32m[INFO][0m patients_list - Mobile menu trigger present
[0;36m[RESPONSIVE][0m patients_list - Checking sidebar drawer behavior
[0;32m[INFO][0m patients_list - Sidebar drawer classes present
[0;32m[INFO][0m patients_list - Alpine.js sidebar controls present
[0;35m[VIEWPORT][0m 📸 Capturing authenticated screenshot: mobile (375x667)
node:internal/modules/cjs/loader:1386
  throw err;
  ^

Error: Cannot find module 'playwright'
Require stack:
- /tmp/tmp.gAm9oRwSj1
    at Function._resolveFilename (node:internal/modules/cjs/loader:1383:15)
    at defaultResolveImpl (node:internal/modules/cjs/loader:1025:19)
    at resolveForCJSWithHooks (node:internal/modules/cjs/loader:1030:22)
    at Function._load (node:internal/modules/cjs/loader:1192:37)
    at TracingChannel.traceSync (node:diagnostics_channel:328:14)
    at wrapModuleLoad (node:internal/modules/cjs/loader:237:24)
    at Module.require (node:internal/modules/cjs/loader:1463:12)
    at require (node:internal/modules/helpers:147:16)
    at Object.<anonymous> (/tmp/tmp.gAm9oRwSj1:1:22)
    at Module._compile (node:internal/modules/cjs/loader:1706:14) {
  code: 'MODULE_NOT_FOUND',
  requireStack: [ '/tmp/tmp.gAm9oRwSj1' ]
}

Node.js v22.22.0
[1;33m[WARN][0m ⚠️ Screenshot capture failed for /patients
[0;32m[INFO][0m patients_list @ mobile - All validations passed
[0;35m[VIEWPORT][0m ==========================================
[0;35m[VIEWPORT][0m Testing: patients_list @ tablet (768x1024)
[0;35m[VIEWPORT][0m ==========================================
[0;36m[RESPONSIVE][0m patients_list - Checking responsive classes for tablet
[0;32m[INFO][0m patients_list - Tablet media queries present
[0;36m[RESPONSIVE][0m patients_list - Checking sidebar drawer behavior
[0;32m[INFO][0m patients_list - Sidebar drawer classes present
[0;32m[INFO][0m patients_list - Alpine.js sidebar controls present
[0;35m[VIEWPORT][0m 📸 Capturing authenticated screenshot: tablet (768x1024)
node:internal/modules/cjs/loader:1386
  throw err;
  ^

Error: Cannot find module 'playwright'
Require stack:
- /tmp/tmp.QMFXKIs8ji
    at Function._resolveFilename (node:internal/modules/cjs/loader:1383:15)
    at defaultResolveImpl (node:internal/modules/cjs/loader:1025:19)
    at resolveForCJSWithHooks (node:internal/modules/cjs/loader:1030:22)
    at Function._load (node:internal/modules/cjs/loader:1192:37)
    at TracingChannel.traceSync (node:diagnostics_channel:328:14)
    at wrapModuleLoad (node:internal/modules/cjs/loader:237:24)
    at Module.require (node:internal/modules/cjs/loader:1463:12)
    at require (node:internal/modules/helpers:147:16)
    at Object.<anonymous> (/tmp/tmp.QMFXKIs8ji:1:22)
    at Module._compile (node:internal/modules/cjs/loader:1706:14) {
  code: 'MODULE_NOT_FOUND',
  requireStack: [ '/tmp/tmp.QMFXKIs8ji' ]
}

Node.js v22.22.0
[1;33m[WARN][0m ⚠️ Screenshot capture failed for /patients
[0;32m[INFO][0m patients_list @ tablet - All validations passed
[0;35m[VIEWPORT][0m ==========================================
[0;35m[VIEWPORT][0m Testing: patients_list @ desktop (1440x900)
[0;35m[VIEWPORT][0m ==========================================
[0;36m[RESPONSIVE][0m patients_list - Checking responsive classes for desktop
[0;32m[INFO][0m patients_list - Desktop media queries present
[0;31m[ERROR][0m patients_list - SLP sidebar missing expected links
[0;35m[VIEWPORT][0m 📸 Capturing authenticated screenshot: desktop (1440x900)
node:internal/modules/cjs/loader:1386
  throw err;
  ^

Error: Cannot find module 'playwright'
Require stack:
- /tmp/tmp.40BUn06hvC
    at Function._resolveFilename (node:internal/modules/cjs/loader:1383:15)
    at defaultResolveImpl (node:internal/modules/cjs/loader:1025:19)
    at resolveForCJSWithHooks (node:internal/modules/cjs/loader:1030:22)
    at Function._load (node:internal/modules/cjs/loader:1192:37)
    at TracingChannel.traceSync (node:diagnostics_channel:328:14)
    at wrapModuleLoad (node:internal/modules/cjs/loader:237:24)
    at Module.require (node:internal/modules/cjs/loader:1463:12)
    at require (node:internal/modules/helpers:147:16)
    at Object.<anonymous> (/tmp/tmp.40BUn06hvC:1:22)
    at Module._compile (node:internal/modules/cjs/loader:1706:14) {
  code: 'MODULE_NOT_FOUND',
  requireStack: [ '/tmp/tmp.40BUn06hvC' ]
}

Node.js v22.22.0
[1;33m[WARN][0m ⚠️ Screenshot capture failed for /patients
[0;31m[ERROR][0m patients_list @ desktop - 1 validation error(s)
[0;35m[VIEWPORT][0m ==========================================
[0;35m[VIEWPORT][0m Testing: patient_detail @ mobile (375x667)
[0;35m[VIEWPORT][0m ==========================================
[0;36m[RESPONSIVE][0m patient_detail - Checking responsive classes for mobile
[0;32m[INFO][0m patient_detail - Mobile media queries present
[0;36m[RESPONSIVE][0m patient_detail - Checking mobile-specific elements
[1;33m[WARN][0m patient_detail - No bottom navigation found (may be OK for some pages)
[0;32m[INFO][0m patient_detail - Mobile menu trigger present
[0;36m[RESPONSIVE][0m patient_detail - Checking sidebar drawer behavior
[0;32m[INFO][0m patient_detail - Sidebar drawer classes present
[0;32m[INFO][0m patient_detail - Alpine.js sidebar controls present
[0;35m[VIEWPORT][0m 📸 Capturing authenticated screenshot: mobile (375x667)
node:internal/modules/cjs/loader:1386
  throw err;
  ^

Error: Cannot find module 'playwright'
Require stack:
- /tmp/tmp.UcogjGmswW
    at Function._resolveFilename (node:internal/modules/cjs/loader:1383:15)
    at defaultResolveImpl (node:internal/modules/cjs/loader:1025:19)
    at resolveForCJSWithHooks (node:internal/modules/cjs/loader:1030:22)
    at Function._load (node:internal/modules/cjs/loader:1192:37)
    at TracingChannel.traceSync (node:diagnostics_channel:328:14)
    at wrapModuleLoad (node:internal/modules/cjs/loader:237:24)
    at Module.require (node:internal/modules/cjs/loader:1463:12)
    at require (node:internal/modules/helpers:147:16)
    at Object.<anonymous> (/tmp/tmp.UcogjGmswW:1:22)
    at Module._compile (node:internal/modules/cjs/loader:1706:14) {
  code: 'MODULE_NOT_FOUND',
  requireStack: [ '/tmp/tmp.UcogjGmswW' ]
}

Node.js v22.22.0
[1;33m[WARN][0m ⚠️ Screenshot capture failed for /patients/a9087afb-90f4-4758-9008-3701985b7e9a
[0;32m[INFO][0m patient_detail @ mobile - All validations passed
[0;35m[VIEWPORT][0m ==========================================
[0;35m[VIEWPORT][0m Testing: patient_detail @ tablet (768x1024)
[0;35m[VIEWPORT][0m ==========================================
[0;36m[RESPONSIVE][0m patient_detail - Checking responsive classes for tablet
[0;32m[INFO][0m patient_detail - Tablet media queries present
[0;36m[RESPONSIVE][0m patient_detail - Checking sidebar drawer behavior
[0;32m[INFO][0m patient_detail - Sidebar drawer classes present
[0;32m[INFO][0m patient_detail - Alpine.js sidebar controls present
[0;35m[VIEWPORT][0m 📸 Capturing authenticated screenshot: tablet (768x1024)
node:internal/modules/cjs/loader:1386
  throw err;
  ^

Error: Cannot find module 'playwright'
Require stack:
- /tmp/tmp.vWIYFsGzzJ
    at Function._resolveFilename (node:internal/modules/cjs/loader:1383:15)
    at defaultResolveImpl (node:internal/modules/cjs/loader:1025:19)
    at resolveForCJSWithHooks (node:internal/modules/cjs/loader:1030:22)
    at Function._load (node:internal/modules/cjs/loader:1192:37)
    at TracingChannel.traceSync (node:diagnostics_channel:328:14)
    at wrapModuleLoad (node:internal/modules/cjs/loader:237:24)
    at Module.require (node:internal/modules/cjs/loader:1463:12)
    at require (node:internal/modules/helpers:147:16)
    at Object.<anonymous> (/tmp/tmp.vWIYFsGzzJ:1:22)
    at Module._compile (node:internal/modules/cjs/loader:1706:14) {
  code: 'MODULE_NOT_FOUND',
  requireStack: [ '/tmp/tmp.vWIYFsGzzJ' ]
}

Node.js v22.22.0
[1;33m[WARN][0m ⚠️ Screenshot capture failed for /patients/a9087afb-90f4-4758-9008-3701985b7e9a
[0;32m[INFO][0m patient_detail @ tablet - All validations passed
[0;35m[VIEWPORT][0m ==========================================
[0;35m[VIEWPORT][0m Testing: patient_detail @ desktop (1440x900)
[0;35m[VIEWPORT][0m ==========================================
[0;36m[RESPONSIVE][0m patient_detail - Checking responsive classes for desktop
[0;32m[INFO][0m patient_detail - Desktop media queries present
[0;32m[INFO][0m patient_detail - SLP sidebar validated
[0;35m[VIEWPORT][0m 📸 Capturing authenticated screenshot: desktop (1440x900)
node:internal/modules/cjs/loader:1386
  throw err;
  ^

Error: Cannot find module 'playwright'
Require stack:
- /tmp/tmp.TmkN6NsRog
    at Function._resolveFilename (node:internal/modules/cjs/loader:1383:15)
    at defaultResolveImpl (node:internal/modules/cjs/loader:1025:19)
    at resolveForCJSWithHooks (node:internal/modules/cjs/loader:1030:22)
    at Function._load (node:internal/modules/cjs/loader:1192:37)
    at TracingChannel.traceSync (node:diagnostics_channel:328:14)
    at wrapModuleLoad (node:internal/modules/cjs/loader:237:24)
    at Module.require (node:internal/modules/cjs/loader:1463:12)
    at require (node:internal/modules/helpers:147:16)
    at Object.<anonymous> (/tmp/tmp.TmkN6NsRog:1:22)
    at Module._compile (node:internal/modules/cjs/loader:1706:14) {
  code: 'MODULE_NOT_FOUND',
  requireStack: [ '/tmp/tmp.TmkN6NsRog' ]
}

Node.js v22.22.0
[1;33m[WARN][0m ⚠️ Screenshot capture failed for /patients/a9087afb-90f4-4758-9008-3701985b7e9a
[0;32m[INFO][0m patient_detail @ desktop - All validations passed
[0;35m[VIEWPORT][0m ==========================================
[0;35m[VIEWPORT][0m Testing: patient_history @ mobile (375x667)
[0;35m[VIEWPORT][0m ==========================================
[0;36m[RESPONSIVE][0m patient_history - Checking responsive classes for mobile
[0;32m[INFO][0m patient_history - Mobile media queries present
[0;36m[RESPONSIVE][0m patient_history - Checking mobile-specific elements
[1;33m[WARN][0m patient_history - No bottom navigation found (may be OK for some pages)
[0;32m[INFO][0m patient_history - Mobile menu trigger present
[0;36m[RESPONSIVE][0m patient_history - Checking sidebar drawer behavior
[0;32m[INFO][0m patient_history - Sidebar drawer classes present
[0;32m[INFO][0m patient_history - Alpine.js sidebar controls present
[0;35m[VIEWPORT][0m 📸 Capturing authenticated screenshot: mobile (375x667)
node:internal/modules/cjs/loader:1386
  throw err;
  ^

Error: Cannot find module 'playwright'
Require stack:
- /tmp/tmp.QV4FE3M9AJ
    at Function._resolveFilename (node:internal/modules/cjs/loader:1383:15)
    at defaultResolveImpl (node:internal/modules/cjs/loader:1025:19)
    at resolveForCJSWithHooks (node:internal/modules/cjs/loader:1030:22)
    at Function._load (node:internal/modules/cjs/loader:1192:37)
    at TracingChannel.traceSync (node:diagnostics_channel:328:14)
    at wrapModuleLoad (node:internal/modules/cjs/loader:237:24)
    at Module.require (node:internal/modules/cjs/loader:1463:12)
    at require (node:internal/modules/helpers:147:16)
    at Object.<anonymous> (/tmp/tmp.QV4FE3M9AJ:1:22)
    at Module._compile (node:internal/modules/cjs/loader:1706:14) {
  code: 'MODULE_NOT_FOUND',
  requireStack: [ '/tmp/tmp.QV4FE3M9AJ' ]
}

Node.js v22.22.0
[1;33m[WARN][0m ⚠️ Screenshot capture failed for /patients/a9087afb-90f4-4758-9008-3701985b7e9a/history
[0;32m[INFO][0m patient_history @ mobile - All validations passed
[0;35m[VIEWPORT][0m ==========================================
[0;35m[VIEWPORT][0m Testing: patient_history @ tablet (768x1024)
[0;35m[VIEWPORT][0m ==========================================
[0;36m[RESPONSIVE][0m patient_history - Checking responsive classes for tablet
[0;32m[INFO][0m patient_history - Tablet media queries present
[0;36m[RESPONSIVE][0m patient_history - Checking sidebar drawer behavior
[0;32m[INFO][0m patient_history - Sidebar drawer classes present
[0;32m[INFO][0m patient_history - Alpine.js sidebar controls present
[0;35m[VIEWPORT][0m 📸 Capturing authenticated screenshot: tablet (768x1024)
node:internal/modules/cjs/loader:1386
  throw err;
  ^

Error: Cannot find module 'playwright'
Require stack:
- /tmp/tmp.29fQ41CcqC
    at Function._resolveFilename (node:internal/modules/cjs/loader:1383:15)
    at defaultResolveImpl (node:internal/modules/cjs/loader:1025:19)
    at resolveForCJSWithHooks (node:internal/modules/cjs/loader:1030:22)
    at Function._load (node:internal/modules/cjs/loader:1192:37)
    at TracingChannel.traceSync (node:diagnostics_channel:328:14)
    at wrapModuleLoad (node:internal/modules/cjs/loader:237:24)
    at Module.require (node:internal/modules/cjs/loader:1463:12)
    at require (node:internal/modules/helpers:147:16)
    at Object.<anonymous> (/tmp/tmp.29fQ41CcqC:1:22)
    at Module._compile (node:internal/modules/cjs/loader:1706:14) {
  code: 'MODULE_NOT_FOUND',
  requireStack: [ '/tmp/tmp.29fQ41CcqC' ]
}

Node.js v22.22.0
[1;33m[WARN][0m ⚠️ Screenshot capture failed for /patients/a9087afb-90f4-4758-9008-3701985b7e9a/history
[0;32m[INFO][0m patient_history @ tablet - All validations passed
[0;35m[VIEWPORT][0m ==========================================
[0;35m[VIEWPORT][0m Testing: patient_history @ desktop (1440x900)
[0;35m[VIEWPORT][0m ==========================================
[0;36m[RESPONSIVE][0m patient_history - Checking responsive classes for desktop
[0;32m[INFO][0m patient_history - Desktop media queries present
[0;31m[ERROR][0m patient_history - SLP sidebar missing expected links
[0;35m[VIEWPORT][0m 📸 Capturing authenticated screenshot: desktop (1440x900)
node:internal/modules/cjs/loader:1386
  throw err;
  ^

Error: Cannot find module 'playwright'
Require stack:
- /tmp/tmp.bSYg4czSuB
    at Function._resolveFilename (node:internal/modules/cjs/loader:1383:15)
    at defaultResolveImpl (node:internal/modules/cjs/loader:1025:19)
    at resolveForCJSWithHooks (node:internal/modules/cjs/loader:1030:22)
    at Function._load (node:internal/modules/cjs/loader:1192:37)
    at TracingChannel.traceSync (node:diagnostics_channel:328:14)
    at wrapModuleLoad (node:internal/modules/cjs/loader:237:24)
    at Module.require (node:internal/modules/cjs/loader:1463:12)
    at require (node:internal/modules/helpers:147:16)
    at Object.<anonymous> (/tmp/tmp.bSYg4czSuB:1:22)
    at Module._compile (node:internal/modules/cjs/loader:1706:14) {
  code: 'MODULE_NOT_FOUND',
  requireStack: [ '/tmp/tmp.bSYg4czSuB' ]
}

Node.js v22.22.0
[1;33m[WARN][0m ⚠️ Screenshot capture failed for /patients/a9087afb-90f4-4758-9008-3701985b7e9a/history
[0;31m[ERROR][0m patient_history @ desktop - 1 validation error(s)
[0;36m[RESPONSIVE][0m 
[0;32m[INFO][0m Responsive tests completed: 9/12 passed

==========================================
        E2E AUDIT REPORT
==========================================

Total routes tested: 25
Passed: [0;32m16[0m
Failed: [0;31m9[0m
Screenshots captured: 0

[0;32m[INFO][0m Audit logs saved to: tmp/audit_logs/
total 200
drwxr-xr-x 2 s015533607 domain users  4096 mar 25 19:21 .
drwxr-xr-x 4 s015533607 domain users  4096 mar 25 19:21 ..
-rw-r--r-- 1 s015533607 domain users  5455 mar 25 19:21 route_auth_login.html
-rw-r--r-- 1 s015533607 domain users 14201 mar 25 19:21 route_dashboard.html
-rw-r--r-- 1 s015533607 domain users   127 mar 25 19:21 route_health_check.html
-rw-r--r-- 1 s015533607 domain users  5455 mar 25 19:21 route_login_page.html
-rw-r--r-- 1 s015533607 domain users    34 mar 25 19:21 route_logout.html
-rw-r--r-- 1 s015533607 domain users    34 mar 25 19:21 route_patients_anamnesis.html
-rw-r--r-- 1 s015533607 domain users    67 mar 25 19:21 route_patients_anamnesis_update.html
-rw-r--r-- 1 s015533607 domain users  3377 mar 25 19:21 route_patients_context.html
-rw-r--r-- 1 s015533607 domain users    34 mar 25 19:21 route_patients_detail.html
-rw-r--r-- 1 s015533607 domain users   528 mar 25 19:21 route_patients_goals_create.html
-rw-r--r-- 1 s015533607 domain users  6864 mar 25 19:21 route_patients_history.html
-rw-r--r-- 1 s015533607 domain users    34 mar 25 19:21 route_patients_list.html
-rw-r--r-- 1 s015533607 domain users   741 mar 25 19:21 route_patients_medications_add.html
-rw-r--r-- 1 s015533607 domain users    34 mar 25 19:21 route_patients_new.html
-rw-r--r-- 1 s015533607 domain users    34 mar 25 19:21 route_patients_search.html
-rw-r--r-- 1 s015533607 domain users   631 mar 25 19:21 route_patients_sessions.html
-rw-r--r-- 1 s015533607 domain users  1515 mar 25 19:21 route_patients_vitals_add.html

[0;31m[ERROR][0m AUDIT FAILED - Check HTML in tmp/audit_logs/
[0;32m[INFO][0m Report generation exit code: 1
[0;32m[INFO][0m Cleaning up...
